Running 'tbprerun  -e 75872 Node502.ns'
Beginning pre run for FCT/Node502. 14:16:42:283394
Running parser ... 14:16:42:490951
Parser done! 14:16:45:891172
Precomputing visualization ...
Image rendering proceeding in background mode ...
Setting up static routes (if requested) ... 
Generating topomap ...
Adding DB 'FCT+Node502' to mysql database on users.emulab.net.
Adding user 'E75872' to mysql database on users.emulab.net.
Verifying parse ...
Doing a pre-assign: '/usr/testbed/bin/vtopgen -p FCT Node502' ...
Minimum nodes   = 2
Maximum nodes   = 2
Writing environment strings ...
Setting up additional program agent support ...
Setting up additional network agent support ...
Writing program agent info ...
Pre run finished. 14:16:54:739243
Running 'tbreport -b FCT Node502'
