Running 'tbprerun  -e 81253 spoke.ns'
Beginning pre run for FCT/spoke. 13:37:36:887272
Running parser ... 13:37:37:633773
Parser done! 13:37:42:345022
Precomputing visualization ...
Image rendering proceeding in background mode ...
Setting up static routes (if requested) ... 
Generating topomap ...
Adding DB 'FCT+spoke' to mysql database on users.emulab.net.
Adding user 'E81253' to mysql database on users.emulab.net.
Verifying parse ...
Doing a pre-assign: '/usr/testbed/bin/vtopgen -p FCT spoke' ...
Checking for feature LibVtopTest.
  Feature is enabled
Using test version of libvtop ...
Minimum nodes   = 21
Maximum nodes   = 21
Writing environment strings ...
Setting up additional program agent support ...
Setting up additional network agent support ...
Writing program agent info ...
Pre run finished. 13:37:53:556008
Running 'tbreport -b FCT spoke'
