seed = 1285856940
Physical Graph: 49
Calculating shortest paths on switch fabric.
Virtual Graph: 7
Generating physical equivalence classes:37
Type precheck:
Type precheck passed.
Node mapping precheck:
Node mapping precheck succeeded
Pruning pclasses.
pclass pruning complete: removed 32 pclasses, 5 remain.
Type precheck:
Type precheck passed.
Policy precheck:
Policy precheck succeeded
Annealing.
Adjusting dificulty estimate for fixed nodes, 1 remain.
Doing melting run
Reverting: forced
Reverting to best solution
Done
   BEST SCORE:  5.08 in 17000 iters and 1.03449 seconds
With 0 violations
Iters to find best score:  5
Violations: 0
  unassigned:  0
  pnode_load:  0
  no_connect:  0
  link_users:  0
  bandwidth:   0
  desires:     0
  vclass:      0
  delay:       0
  trivial mix: 0
  subnodes:    0
  max_types:   0
  endpoints:   0
Nodes:
node0 pc328
node1 pc306
node2 pc257
node3 pc323
node4 pc335
node5 pc310
node6 pc316
End Nodes
Edges:
linksimple/link0/node0:0,node6:0 intraswitch link-pc328:eth4-cisco8:(null) (pc328/eth4,(null)) link-pc316:eth4-cisco8:(null) (pc316/eth4,(null))
linksimple/link1/node0:1,node1:0 intraswitch link-pc328:eth2-cisco5:(null) (pc328/eth2,(null)) link-pc306:eth2-cisco5:(null) (pc306/eth2,(null))
linksimple/link2/node1:1,node2:0 intraswitch link-pc306:eth3-cisco5:(null) (pc306/eth3,(null)) link-pc257:eth3-cisco5:(null) (pc257/eth3,(null))
linksimple/link3/node1:2,node3:0 intraswitch link-pc306:eth4-cisco8:(null) (pc306/eth4,(null)) link-pc323:eth4-cisco8:(null) (pc323/eth4,(null))
linksimple/link4/node1:3,node4:0 intraswitch link-pc306:eth5-cisco8:(null) (pc306/eth5,(null)) link-pc335:eth4-cisco8:(null) (pc335/eth4,(null))
linksimple/link5/node3:1,node5:0 intraswitch link-pc323:eth2-cisco5:(null) (pc323/eth2,(null)) link-pc310:eth2-cisco5:(null) (pc310/eth2,(null))
linksimple/link6/node2:1,node6:1 intraswitch link-pc257:eth4-cisco8:(null) (pc257/eth4,(null)) link-pc316:eth5-cisco8:(null) (pc316/eth5,(null))
End Edges
End solution
