Running 'tbprerun  -e 65379 TB.ns'
Beginning pre run for FCT/TB. 09:51:08:870264
Running parser ... 09:51:10:490570
Parser done! 09:51:19:949278
Precomputing visualization ...
Image rendering proceeding in background mode ...
Setting up static routes (if requested) ... 
Generating topomap ...
Adding DB 'FCT+TB' to mysql database on users.emulab.net.
Adding user 'E65379' to mysql database on users.emulab.net.
Verifying parse ...
Doing a pre-assign: '/usr/testbed/bin/vtopgen -p FCT TB' ...
Minimum nodes   = 7
Maximum nodes   = 7
Writing environment strings ...
Setting up additional program agent support ...
Setting up additional network agent support ...
Writing program agent info ...
Pre run finished. 09:51:48:986171
Running 'tbreport -b FCT TB'
