Running 'tbprerun  -e 69349 QG.ns'
Beginning pre run for FCT/QG. 10:48:15:350797
Running parser ... 10:48:15:719334
Parser done! 10:48:21:206679
Precomputing visualization ...
Image rendering proceeding in background mode ...
Setting up static routes (if requested) ... 
Generating topomap ...
Adding DB 'FCT+QG' to mysql database on users.emulab.net.
Adding user 'E69349' to mysql database on users.emulab.net.
Verifying parse ...
Doing a pre-assign: '/usr/testbed/bin/vtopgen -p FCT QG' ...
Minimum nodes   = 21
Maximum nodes   = 21
Writing environment strings ...
Setting up additional program agent support ...
Setting up additional network agent support ...
Writing program agent info ...
Pre run finished. 10:48:37:482845
Running 'tbreport -b FCT QG'
