seed = 1326760635
Physical Graph: 148
Calculating shortest paths on switch fabric.
Virtual Graph: 9
Generating physical equivalence classes:73
Type precheck:
Type precheck passed.
Node mapping precheck:
Node mapping precheck succeeded
Pruning pclasses.
pclass pruning complete: removed 47 pclasses, 26 remain.
Type precheck:
Type precheck passed.
Policy precheck:
Policy precheck succeeded
Annealing.
Doing melting run
Reverting: forced
Reverting to best solution
Done
   BEST SCORE:  4.24 in 29000 iters and 1.25384 seconds
With 0 violations
Iters to find best score:  28994
Violations: 0
  unassigned:  0
  pnode_load:  0
  no_connect:  0
  link_users:  0
  bandwidth:   0
  desires:     0
  vclass:      0
  delay:       0
  trivial mix: 0
  subnodes:    0
  max_types:   0
  endpoints:   0
Nodes:
node0 pc91
node1 pc114
node2 pc87
node3 pc95
node4 pc157
node5 pc86
tbdelay0 pc125
tbdelay1 pc168
tbdelay2 pc168
End Nodes
Edges:
linksimple/link0/node0:0,node1:0 intraswitch link-pc91:eth1-cisco3:(null) (pc91/eth1,(null)) link-pc114:eth3-cisco3:(null) (pc114/eth3,(null))
linksdelaysrc/link1/node0:1,node2:0 intraswitch link-pc91:eth0-cisco3:(null) (pc91/eth0,(null)) link-pc125:eth3-cisco3:(null) (pc125/eth3,(null))
linksdelaydst/link1/node2:0,node0:1 intraswitch link-pc87:eth1-cisco3:(null) (pc87/eth1,(null)) link-pc125:eth4-cisco3:(null) (pc125/eth4,(null))
linksimple/link2/node2:1,node4:0 intraswitch link-pc87:eth0-cisco3:(null) (pc87/eth0,(null)) link-pc157:eth3-cisco3:(null) (pc157/eth3,(null))
linksdelaysrc/link3/node0:2,node3:0 intraswitch link-pc91:eth4-cisco3:(null) (pc91/eth4,(null)) link-pc168:eth0-cisco3:(null) (pc168/eth0,(null))
linksdelaydst/link3/node3:0,node0:2 intraswitch link-pc95:eth1-cisco3:(null) (pc95/eth1,(null)) link-pc168:eth1-cisco3:(null) (pc168/eth1,(null))
linksimple/link4/node1:1,node3:1 intraswitch link-pc114:eth4-cisco3:(null) (pc114/eth4,(null)) link-pc95:eth0-cisco3:(null) (pc95/eth0,(null))
linksimple/link5/node3:2,node5:0 intraswitch link-pc95:eth4-cisco3:(null) (pc95/eth4,(null)) link-pc86:eth1-cisco3:(null) (pc86/eth1,(null))
linksimple/link6/node2:2,node3:3 intraswitch link-pc87:eth4-cisco3:(null) (pc87/eth4,(null)) link-pc95:eth3-cisco3:(null) (pc95/eth3,(null))
linksdelaysrc/link7/node2:3,node1:2 intraswitch link-pc87:eth3-cisco3:(null) (pc87/eth3,(null)) link-pc168:eth4-cisco3:(null) (pc168/eth4,(null))
linksdelaydst/link7/node1:2,node2:3 intraswitch link-pc114:eth0-cisco3:(null) (pc114/eth0,(null)) link-pc168:eth3-cisco3:(null) (pc168/eth3,(null))
End Edges
End solution
