Running 'tbprerun  -e 91654 T4B.ns'
Beginning pre run for FCT/T4B. 12:44:49:12972
Running parser ... 12:44:49:378103
Parser done! 12:44:53:178769
Precomputing visualization ...
Image rendering proceeding in background mode ...
Setting up static routes (if requested) ... 
Generating topomap ...
Adding DB 'FCT+T4B' to mysql database on users.emulab.net.
Adding user 'E91654' to mysql database on users.emulab.net.
Verifying parse ...
Doing a pre-assign: '/usr/testbed/bin/vtopgen -p FCT T4B' ...
Checking for feature LibVtopTest.
  Feature is enabled
Using test version of libvtop ...
Minimum nodes   = 6
Maximum nodes   = 6
Writing environment strings ...
Setting up additional program agent support ...
Setting up additional network agent support ...
Writing program agent info ...
Pre run finished. 12:45:04:590973
Running 'tbreport -b FCT T4B'
