Feb 16 19:55:22 watchdog[1272]: Dogging it
INTERVAL=1800 ISALIVE=180 NTPDRIFT=3600 CVSUP=0 RUSAGE=0 HOSTKEYS=59999940 DHCPDCONF=1800 SETROOTPSWD=3600

INTERVAL => 1800
ISALIVE => 180
NTPDRIFT => 3600
CVSUP => 0
RUSAGE => 0
HOSTKEYS => 59999940
DHCPDCONF => 1800
SETROOTPSWD => 3600
Feb 16 19:55:22 watchdog[1272]: setintervals: descheduling cvsup
Feb 16 19:55:22 watchdog[1272]: setintervals: scheduling hkeys now
Feb 16 19:55:22 watchdog[1272]: setintervals: scheduling isalive now
Feb 16 19:55:22 watchdog[1272]: setintervals: descheduling rusage
Feb 16 19:55:22 watchdog[1272]: setintervals: scheduling check
Feb 16 19:55:22 watchdog[1272]: setintervals: scheduling rootpswd now
Feb 16 19:55:22 watchdog[1272]: setintervals: descheduling batt
Feb 16 19:55:22 watchdog[1272]: setintervals: descheduling dhcpdconf
Feb 16 19:55:22 watchdog[1272]: setintervals: scheduling drift
Feb 16 19:55:22 watchdog[1272]: setintervals: check=1800, isalive=180, drift=3600, cvsup=0, rusage=0, hostkeys=59999940, battery=0, rootpswd=3600 dhcpdconf=0
Feb 16 19:55:22 watchdog[1272]: Resetting root password
usermod: user 'toor' does not exist
*** WARNING: resetting password for toor.
