Running 'tbprerun  -e 75857 Node100.ns'
Beginning pre run for FCT/Node100. 09:34:14:323934
Running parser ... 09:34:14:829984
Parser done! 09:34:24:610134
Precomputing visualization ...
Image rendering proceeding in background mode ...
Setting up static routes (if requested) ... 
Generating topomap ...
Adding DB 'FCT+Node100' to mysql database on users.emulab.net.
Adding user 'E75857' to mysql database on users.emulab.net.
Verifying parse ...
Doing a pre-assign: '/usr/testbed/bin/vtopgen -p FCT Node100' ...
Minimum nodes   = 85
Maximum nodes   = 85
Writing environment strings ...
Setting up additional program agent support ...
Setting up additional network agent support ...
Writing program agent info ...
Pre run finished. 09:34:49:136407
Running 'tbreport -b FCT Node100'
