seed = 1318358360
Physical Graph: 271
Calculating shortest paths on switch fabric.
Virtual Graph: 5
Generating physical equivalence classes:92
Type precheck:
Type precheck passed.
Node mapping precheck:
Node mapping precheck succeeded
Pruning pclasses.
pclass pruning complete: removed 51 pclasses, 41 remain.
Type precheck:
Type precheck passed.
Policy precheck:
Policy precheck succeeded
Annealing.
Doing melting run
Reverting: forced
Reverting to best solution
Done
   BEST SCORE:  3.2 in 24000 iters and 1.10265 seconds
With 0 violations
Iters to find best score:  720
Violations: 0
  unassigned:  0
  pnode_load:  0
  no_connect:  0
  link_users:  0
  bandwidth:   0
  desires:     0
  vclass:      0
  delay:       0
  trivial mix: 0
  subnodes:    0
  max_types:   0
  endpoints:   0
Nodes:
node0 pc150
node1 pc111
node2 pc96
node3 pc98
node5 pc151
End Nodes
Edges:
linksimple/link0/node1:0,node3:0 intraswitch link-pc111:eth3-cisco3:(null) (pc111/eth3,(null)) link-pc98:eth3-cisco3:(null) (pc98/eth3,(null))
linksimple/link1/node0:0,node1:1 intraswitch link-pc150:eth3-cisco3:(null) (pc150/eth3,(null)) link-pc111:eth4-cisco3:(null) (pc111/eth4,(null))
linksimple/link2/node0:1,node2:0 intraswitch link-pc150:eth4-cisco3:(null) (pc150/eth4,(null)) link-pc96:eth1-cisco3:(null) (pc96/eth1,(null))
linksimple/link3/node1:2,node2:1 intraswitch link-pc111:eth0-cisco3:(null) (pc111/eth0,(null)) link-pc96:eth0-cisco3:(null) (pc96/eth0,(null))
linksimple/link4/node2:2,node5:0 intraswitch link-pc96:eth4-cisco3:(null) (pc96/eth4,(null)) link-pc151:eth3-cisco3:(null) (pc151/eth3,(null))
End Edges
End solution
