Running 'tbprerun  -e 91550 T3B.ns'
Beginning pre run for FCT/T3B. 09:43:28:889018
Running parser ... 09:43:29:354548
Parser done! 09:43:33:310581
Precomputing visualization ...
Image rendering proceeding in background mode ...
Setting up static routes (if requested) ... 
Generating topomap ...
Adding DB 'FCT+T3B' to mysql database on users.emulab.net.
Adding user 'E91550' to mysql database on users.emulab.net.
Verifying parse ...
Doing a pre-assign: '/usr/testbed/bin/vtopgen -p FCT T3B' ...
Checking for feature LibVtopTest.
  Feature is enabled
Using test version of libvtop ...
Minimum nodes   = 5
Maximum nodes   = 5
Writing environment strings ...
Setting up additional program agent support ...
Setting up additional network agent support ...
Writing program agent info ...
Pre run finished. 09:43:43:346887
Running 'tbreport -b FCT T3B'
