Running 'tbprerun  -e 75814 Node50.ns'
Beginning pre run for FCT/Node50. 14:14:13:12606
Running parser ... 14:14:13:516240
Parser done! 14:14:20:392633
Precomputing visualization ...
Image rendering proceeding in background mode ...
Setting up static routes (if requested) ... 
Generating topomap ...
Adding DB 'FCT+Node50' to mysql database on users.emulab.net.
Adding user 'E75814' to mysql database on users.emulab.net.
Verifying parse ...
Doing a pre-assign: '/usr/testbed/bin/vtopgen -p FCT Node50' ...
Minimum nodes   = 43
Maximum nodes   = 43
Writing environment strings ...
Setting up additional program agent support ...
Setting up additional network agent support ...
Writing program agent info ...
Pre run finished. 14:14:35:197989
Running 'tbreport -b FCT Node50'
