/usr/testbed/sbin/event-sched -d -s localhost -k /proj/FCT/exp/QG2/tbdata/eventkey FCT QG2
D: adding agent link0
D:		AddAgent asked to add agent link0
D: adding agent link0-node3
D:		AddAgent asked to add agent link0-node3
D: adding agent link0-node3-tracemon
D:		AddAgent asked to add agent link0-node3-tracemon
D: adding agent link0-node9
D:		AddAgent asked to add agent link0-node9
D: adding agent link0-node9-tracemon
D:		AddAgent asked to add agent link0-node9-tracemon
D: adding agent link1
D:		AddAgent asked to add agent link1
D: adding agent link1-node10
D:		AddAgent asked to add agent link1-node10
D: adding agent link1-node10-tracemon
D:		AddAgent asked to add agent link1-node10-tracemon
D: adding agent link1-node3
D:		AddAgent asked to add agent link1-node3
D: adding agent link1-node3-tracemon
D:		AddAgent asked to add agent link1-node3-tracemon
D: adding agent link10
D:		AddAgent asked to add agent link10
D: adding agent link10-node5
D:		AddAgent asked to add agent link10-node5
D: adding agent link10-node5-tracemon
D:		AddAgent asked to add agent link10-node5-tracemon
D: adding agent link10-node6
D:		AddAgent asked to add agent link10-node6
D: adding agent link10-node6-tracemon
D:		AddAgent asked to add agent link10-node6-tracemon
D: adding agent link11
D:		AddAgent asked to add agent link11
D: adding agent link11-node2
D:		AddAgent asked to add agent link11-node2
D: adding agent link11-node2-tracemon
D:		AddAgent asked to add agent link11-node2-tracemon
D: adding agent link11-node5
D:		AddAgent asked to add agent link11-node5
D: adding agent link11-node5-tracemon
D:		AddAgent asked to add agent link11-node5-tracemon
D: adding agent link12
D:		AddAgent asked to add agent link12
D: adding agent link12-node2
D:		AddAgent asked to add agent link12-node2
D: adding agent link12-node2-tracemon
D:		AddAgent asked to add agent link12-node2-tracemon
D: adding agent link12-node6
D:		AddAgent asked to add agent link12-node6
D: adding agent link12-node6-tracemon
D:		AddAgent asked to add agent link12-node6-tracemon
D: adding agent link13
D:		AddAgent asked to add agent link13
D: adding agent link13-node13
D:		AddAgent asked to add agent link13-node13
D: adding agent link13-node13-tracemon
D:		AddAgent asked to add agent link13-node13-tracemon
D: adding agent link13-node5
D:		AddAgent asked to add agent link13-node5
D: adding agent link13-node5-tracemon
D:		AddAgent asked to add agent link13-node5-tracemon
D: adding agent link14
D:		AddAgent asked to add agent link14
D: adding agent link14-node14
D:		AddAgent asked to add agent link14-node14
D: adding agent link14-node14-tracemon
D:		AddAgent asked to add agent link14-node14-tracemon
D: adding agent link14-node5
D:		AddAgent asked to add agent link14-node5
D: adding agent link14-node5-tracemon
D:		AddAgent asked to add agent link14-node5-tracemon
D: adding agent link15
D:		AddAgent asked to add agent link15
D: adding agent link15-node15
D:		AddAgent asked to add agent link15-node15
D: adding agent link15-node15-tracemon
D:		AddAgent asked to add agent link15-node15-tracemon
D: adding agent link15-node6
D:		AddAgent asked to add agent link15-node6
D: adding agent link15-node6-tracemon
D:		AddAgent asked to add agent link15-node6-tracemon
D: adding agent link16
D:		AddAgent asked to add agent link16
D: adding agent link16-node16
D:		AddAgent asked to add agent link16-node16
D: adding agent link16-node16-tracemon
D:		AddAgent asked to add agent link16-node16-tracemon
D: adding agent link16-node6
D:		AddAgent asked to add agent link16-node6
D: adding agent link16-node6-tracemon
D:		AddAgent asked to add agent link16-node6-tracemon
D: adding agent link17
D:		AddAgent asked to add agent link17
D: adding agent link17-node1
D:		AddAgent asked to add agent link17-node1
D: adding agent link17-node1-tracemon
D:		AddAgent asked to add agent link17-node1-tracemon
D: adding agent link17-node7
D:		AddAgent asked to add agent link17-node7
D: adding agent link17-node7-tracemon
D:		AddAgent asked to add agent link17-node7-tracemon
D: adding agent link18
D:		AddAgent asked to add agent link18
D: adding agent link18-node1
D:		AddAgent asked to add agent link18-node1
D: adding agent link18-node1-tracemon
D:		AddAgent asked to add agent link18-node1-tracemon
D: adding agent link18-node8
D:		AddAgent asked to add agent link18-node8
D: adding agent link18-node8-tracemon
D:		AddAgent asked to add agent link18-node8-tracemon
D: adding agent link19
D:		AddAgent asked to add agent link19
D: adding agent link19-node19
D:		AddAgent asked to add agent link19-node19
D: adding agent link19-node19-tracemon
D:		AddAgent asked to add agent link19-node19-tracemon
D: adding agent link19-node8
D:		AddAgent asked to add agent link19-node8
D: adding agent link19-node8-tracemon
D:		AddAgent asked to add agent link19-node8-tracemon
D: adding agent link2
D:		AddAgent asked to add agent link2
D: adding agent link2-node11
D:		AddAgent asked to add agent link2-node11
D: adding agent link2-node11-tracemon
D:		AddAgent asked to add agent link2-node11-tracemon
D: adding agent link2-node4
D:		AddAgent asked to add agent link2-node4
D: adding agent link2-node4-tracemon
D:		AddAgent asked to add agent link2-node4-tracemon
D: adding agent link20
D:		AddAgent asked to add agent link20
D: adding agent link20-node20
D:		AddAgent asked to add agent link20-node20
D: adding agent link20-node20-tracemon
D:		AddAgent asked to add agent link20-node20-tracemon
D: adding agent link20-node8
D:		AddAgent asked to add agent link20-node8
D: adding agent link20-node8-tracemon
D:		AddAgent asked to add agent link20-node8-tracemon
D: adding agent link21
D:		AddAgent asked to add agent link21
D: adding agent link21-node17
D:		AddAgent asked to add agent link21-node17
D: adding agent link21-node17-tracemon
D:		AddAgent asked to add agent link21-node17-tracemon
D: adding agent link21-node7
D:		AddAgent asked to add agent link21-node7
D: adding agent link21-node7-tracemon
D:		AddAgent asked to add agent link21-node7-tracemon
D: adding agent link22
D:		AddAgent asked to add agent link22
D: adding agent link22-node18
D:		AddAgent asked to add agent link22-node18
D: adding agent link22-node18-tracemon
D:		AddAgent asked to add agent link22-node18-tracemon
D: adding agent link22-node7
D:		AddAgent asked to add agent link22-node7
D: adding agent link22-node7-tracemon
D:		AddAgent asked to add agent link22-node7-tracemon
D: adding agent link23
D:		AddAgent asked to add agent link23
D: adding agent link23-node7
D:		AddAgent asked to add agent link23-node7
D: adding agent link23-node7-tracemon
D:		AddAgent asked to add agent link23-node7-tracemon
D: adding agent link23-node8
D:		AddAgent asked to add agent link23-node8
D: adding agent link23-node8-tracemon
D:		AddAgent asked to add agent link23-node8-tracemon
D: adding agent link3
D:		AddAgent asked to add agent link3
D: adding agent link3-node12
D:		AddAgent asked to add agent link3-node12
D: adding agent link3-node12-tracemon
D:		AddAgent asked to add agent link3-node12-tracemon
D: adding agent link3-node4
D:		AddAgent asked to add agent link3-node4
D: adding agent link3-node4-tracemon
D:		AddAgent asked to add agent link3-node4-tracemon
D: adding agent link4
D:		AddAgent asked to add agent link4
D: adding agent link4-node3
D:		AddAgent asked to add agent link4-node3
D: adding agent link4-node3-tracemon
D:		AddAgent asked to add agent link4-node3-tracemon
D: adding agent link4-node4
D:		AddAgent asked to add agent link4-node4
D: adding agent link4-node4-tracemon
D:		AddAgent asked to add agent link4-node4-tracemon
D: adding agent link5
D:		AddAgent asked to add agent link5
D: adding agent link5-node0
D:		AddAgent asked to add agent link5-node0
D: adding agent link5-node0-tracemon
D:		AddAgent asked to add agent link5-node0-tracemon
D: adding agent link5-node3
D:		AddAgent asked to add agent link5-node3
D: adding agent link5-node3-tracemon
D:		AddAgent asked to add agent link5-node3-tracemon
D: adding agent link6
D:		AddAgent asked to add agent link6
D: adding agent link6-node0
D:		AddAgent asked to add agent link6-node0
D: adding agent link6-node0-tracemon
D:		AddAgent asked to add agent link6-node0-tracemon
D: adding agent link6-node4
D:		AddAgent asked to add agent link6-node4
D: adding agent link6-node4-tracemon
D:		AddAgent asked to add agent link6-node4-tracemon
D: adding agent link7
D:		AddAgent asked to add agent link7
D: adding agent link7-node0
D:		AddAgent asked to add agent link7-node0
D: adding agent link7-node0-tracemon
D:		AddAgent asked to add agent link7-node0-tracemon
D: adding agent link7-node1
D:		AddAgent asked to add agent link7-node1
D: adding agent link7-node1-tracemon
D:		AddAgent asked to add agent link7-node1-tracemon
D: adding agent link8
D:		AddAgent asked to add agent link8
D: adding agent link8-node0
D:		AddAgent asked to add agent link8-node0
D: adding agent link8-node0-tracemon
D:		AddAgent asked to add agent link8-node0-tracemon
D: adding agent link8-node2
D:		AddAgent asked to add agent link8-node2
D: adding agent link8-node2-tracemon
D:		AddAgent asked to add agent link8-node2-tracemon
D: adding agent link9
D:		AddAgent asked to add agent link9
D: adding agent link9-node1
D:		AddAgent asked to add agent link9-node1
D: adding agent link9-node1-tracemon
D:		AddAgent asked to add agent link9-node1-tracemon
D: adding agent link9-node2
D:		AddAgent asked to add agent link9-node2
D: adding agent link9-node2-tracemon
D:		AddAgent asked to add agent link9-node2-tracemon
D: adding agent linktest
D:		AddAgent asked to add agent linktest
D: adding agent node0
D:		AddAgent asked to add agent node0
D: adding agent node0-console
D:		AddAgent asked to add agent node0-console
D: adding agent node1
D:		AddAgent asked to add agent node1
D: adding agent node1-console
D:		AddAgent asked to add agent node1-console
D: adding agent node10
D:		AddAgent asked to add agent node10
D: adding agent node10-console
D:		AddAgent asked to add agent node10-console
D: adding agent node11
D:		AddAgent asked to add agent node11
D: adding agent node11-console
D:		AddAgent asked to add agent node11-console
D: adding agent node12
D:		AddAgent asked to add agent node12
D: adding agent node12-console
D:		AddAgent asked to add agent node12-console
D: adding agent node13
D:		AddAgent asked to add agent node13
D: adding agent node13-console
D:		AddAgent asked to add agent node13-console
D: adding agent node14
D:		AddAgent asked to add agent node14
D: adding agent node14-console
D:		AddAgent asked to add agent node14-console
D: adding agent node15
D:		AddAgent asked to add agent node15
D: adding agent node15-console
D:		AddAgent asked to add agent node15-console
D: adding agent node16
D:		AddAgent asked to add agent node16
D: adding agent node16-console
D:		AddAgent asked to add agent node16-console
D: adding agent node17
D:		AddAgent asked to add agent node17
D: adding agent node17-console
D:		AddAgent asked to add agent node17-console
D: adding agent node18
D:		AddAgent asked to add agent node18
D: adding agent node18-console
D:		AddAgent asked to add agent node18-console
D: adding agent node19
D:		AddAgent asked to add agent node19
D: adding agent node19-console
D:		AddAgent asked to add agent node19-console
D: adding agent node2
D:		AddAgent asked to add agent node2
D: adding agent node2-console
D:		AddAgent asked to add agent node2-console
D: adding agent node20
D:		AddAgent asked to add agent node20
D: adding agent node20-console
D:		AddAgent asked to add agent node20-console
D: adding agent node3
D:		AddAgent asked to add agent node3
D: adding agent node3-console
D:		AddAgent asked to add agent node3-console
D: adding agent node4
D:		AddAgent asked to add agent node4
D: adding agent node4-console
D:		AddAgent asked to add agent node4-console
D: adding agent node5
D:		AddAgent asked to add agent node5
D: adding agent node5-console
D:		AddAgent asked to add agent node5-console
D: adding agent node6
D:		AddAgent asked to add agent node6
D: adding agent node6-console
D:		AddAgent asked to add agent node6-console
D: adding agent node7
D:		AddAgent asked to add agent node7
D: adding agent node7-console
D:		AddAgent asked to add agent node7-console
D: adding agent node8
D:		AddAgent asked to add agent node8
D: adding agent node8-console
D:		AddAgent asked to add agent node8-console
D: adding agent node9
D:		AddAgent asked to add agent node9
D: adding agent node9-console
D:		AddAgent asked to add agent node9-console
D: adding agent ns
D:		AddAgent asked to add agent ns
D: adding agent slothd
D:		AddAgent asked to add agent slothd
D: adding agent tbdelay0_program
D:		AddAgent asked to add agent tbdelay0_program
D: adding agent __tbdelay0_program-agent
D:		AddAgent asked to add agent __tbdelay0_program-agent
D: 	In GroupList() parsed name __all_tracemon
D: 	In GroupList() parsed agent link0-node3-tracemon
D: 	In GroupList() parsed name link0-tracemon
D: 	In GroupList() parsed agent link0-node3-tracemon
D: 	In GroupList() parsed name __all_tracemon
D: 	In GroupList() parsed agent link0-node9-tracemon
D: 	In GroupList() parsed name link0-tracemon
D: 	In GroupList() parsed agent link0-node9-tracemon
D: 	In GroupList() parsed name __all_tracemon
D: 	In GroupList() parsed agent link1-node10-tracemon
D: 	In GroupList() parsed name link1-tracemon
D: 	In GroupList() parsed agent link1-node10-tracemon
D: 	In GroupList() parsed name __all_tracemon
D: 	In GroupList() parsed agent link1-node3-tracemon
D: 	In GroupList() parsed name link1-tracemon
D: 	In GroupList() parsed agent link1-node3-tracemon
D: 	In GroupList() parsed name __all_tracemon
D: 	In GroupList() parsed agent link10-node5-tracemon
D: 	In GroupList() parsed name link10-tracemon
D: 	In GroupList() parsed agent link10-node5-tracemon
D: 	In GroupList() parsed name __all_tracemon
D: 	In GroupList() parsed agent link10-node6-tracemon
D: 	In GroupList() parsed name link10-tracemon
D: 	In GroupList() parsed agent link10-node6-tracemon
D: 	In GroupList() parsed name __all_tracemon
D: 	In GroupList() parsed agent link11-node2-tracemon
D: 	In GroupList() parsed name link11-tracemon
D: 	In GroupList() parsed agent link11-node2-tracemon
D: 	In GroupList() parsed name __all_tracemon
D: 	In GroupList() parsed agent link11-node5-tracemon
D: 	In GroupList() parsed name link11-tracemon
D: 	In GroupList() parsed agent link11-node5-tracemon
D: 	In GroupList() parsed name __all_tracemon
D: 	In GroupList() parsed agent link12-node2-tracemon
D: 	In GroupList() parsed name link12-tracemon
D: 	In GroupList() parsed agent link12-node2-tracemon
D: 	In GroupList() parsed name __all_tracemon
D: 	In GroupList() parsed agent link12-node6-tracemon
D: 	In GroupList() parsed name link12-tracemon
D: 	In GroupList() parsed agent link12-node6-tracemon
D: 	In GroupList() parsed name __all_tracemon
D: 	In GroupList() parsed agent link13-node13-tracemon
D: 	In GroupList() parsed name link13-tracemon
D: 	In GroupList() parsed agent link13-node13-tracemon
D: 	In GroupList() parsed name __all_tracemon
D: 	In GroupList() parsed agent link13-node5-tracemon
D: 	In GroupList() parsed name link13-tracemon
D: 	In GroupList() parsed agent link13-node5-tracemon
D: 	In GroupList() parsed name __all_tracemon
D: 	In GroupList() parsed agent link14-node14-tracemon
D: 	In GroupList() parsed name link14-tracemon
D: 	In GroupList() parsed agent link14-node14-tracemon
D: 	In GroupList() parsed name __all_tracemon
D: 	In GroupList() parsed agent link14-node5-tracemon
D: 	In GroupList() parsed name link14-tracemon
D: 	In GroupList() parsed agent link14-node5-tracemon
D: 	In GroupList() parsed name __all_tracemon
D: 	In GroupList() parsed agent link15-node15-tracemon
D: 	In GroupList() parsed name link15-tracemon
D: 	In GroupList() parsed agent link15-node15-tracemon
D: 	In GroupList() parsed name __all_tracemon
D: 	In GroupList() parsed agent link15-node6-tracemon
D: 	In GroupList() parsed name link15-tracemon
D: 	In GroupList() parsed agent link15-node6-tracemon
D: 	In GroupList() parsed name __all_tracemon
D: 	In GroupList() parsed agent link16-node16-tracemon
D: 	In GroupList() parsed name link16-tracemon
D: 	In GroupList() parsed agent link16-node16-tracemon
D: 	In GroupList() parsed name __all_tracemon
D: 	In GroupList() parsed agent link16-node6-tracemon
D: 	In GroupList() parsed name link16-tracemon
D: 	In GroupList() parsed agent link16-node6-tracemon
D: 	In GroupList() parsed name __all_tracemon
D: 	In GroupList() parsed agent link17-node1-tracemon
D: 	In GroupList() parsed name link17-tracemon
D: 	In GroupList() parsed agent link17-node1-tracemon
D: 	In GroupList() parsed name __all_tracemon
D: 	In GroupList() parsed agent link17-node7-tracemon
D: 	In GroupList() parsed name link17-tracemon
D: 	In GroupList() parsed agent link17-node7-tracemon
D: 	In GroupList() parsed name __all_tracemon
D: 	In GroupList() parsed agent link18-node1-tracemon
D: 	In GroupList() parsed name link18-tracemon
D: 	In GroupList() parsed agent link18-node1-tracemon
D: 	In GroupList() parsed name __all_tracemon
D: 	In GroupList() parsed agent link18-node8-tracemon
D: 	In GroupList() parsed name link18-tracemon
D: 	In GroupList() parsed agent link18-node8-tracemon
D: 	In GroupList() parsed name __all_tracemon
D: 	In GroupList() parsed agent link19-node19-tracemon
D: 	In GroupList() parsed name link19-tracemon
D: 	In GroupList() parsed agent link19-node19-tracemon
D: 	In GroupList() parsed name __all_tracemon
D: 	In GroupList() parsed agent link19-node8-tracemon
D: 	In GroupList() parsed name link19-tracemon
D: 	In GroupList() parsed agent link19-node8-tracemon
D: 	In GroupList() parsed name __all_tracemon
D: 	In GroupList() parsed agent link2-node11-tracemon
D: 	In GroupList() parsed name link2-tracemon
D: 	In GroupList() parsed agent link2-node11-tracemon
D: 	In GroupList() parsed name __all_tracemon
D: 	In GroupList() parsed agent link2-node4-tracemon
D: 	In GroupList() parsed name link2-tracemon
D: 	In GroupList() parsed agent link2-node4-tracemon
D: 	In GroupList() parsed name __all_tracemon
D: 	In GroupList() parsed agent link20-node20-tracemon
D: 	In GroupList() parsed name link20-tracemon
D: 	In GroupList() parsed agent link20-node20-tracemon
D: 	In GroupList() parsed name __all_tracemon
D: 	In GroupList() parsed agent link20-node8-tracemon
D: 	In GroupList() parsed name link20-tracemon
D: 	In GroupList() parsed agent link20-node8-tracemon
D: 	In GroupList() parsed name __all_tracemon
D: 	In GroupList() parsed agent link21-node17-tracemon
D: 	In GroupList() parsed name link21-tracemon
D: 	In GroupList() parsed agent link21-node17-tracemon
D: 	In GroupList() parsed name __all_tracemon
D: 	In GroupList() parsed agent link21-node7-tracemon
D: 	In GroupList() parsed name link21-tracemon
D: 	In GroupList() parsed agent link21-node7-tracemon
D: 	In GroupList() parsed name __all_tracemon
D: 	In GroupList() parsed agent link22-node18-tracemon
D: 	In GroupList() parsed name link22-tracemon
D: 	In GroupList() parsed agent link22-node18-tracemon
D: 	In GroupList() parsed name __all_tracemon
D: 	In GroupList() parsed agent link22-node7-tracemon
D: 	In GroupList() parsed name link22-tracemon
D: 	In GroupList() parsed agent link22-node7-tracemon
D: 	In GroupList() parsed name __all_tracemon
D: 	In GroupList() parsed agent link23-node7-tracemon
D: 	In GroupList() parsed name link23-tracemon
D: 	In GroupList() parsed agent link23-node7-tracemon
D: 	In GroupList() parsed name __all_tracemon
D: 	In GroupList() parsed agent link23-node8-tracemon
D: 	In GroupList() parsed name link23-tracemon
D: 	In GroupList() parsed agent link23-node8-tracemon
D: 	In GroupList() parsed name __all_tracemon
D: 	In GroupList() parsed agent link3-node12-tracemon
D: 	In GroupList() parsed name link3-tracemon
D: 	In GroupList() parsed agent link3-node12-tracemon
D: 	In GroupList() parsed name __all_tracemon
D: 	In GroupList() parsed agent link3-node4-tracemon
D: 	In GroupList() parsed name link3-tracemon
D: 	In GroupList() parsed agent link3-node4-tracemon
D: 	In GroupList() parsed name __all_tracemon
D: 	In GroupList() parsed agent link4-node3-tracemon
D: 	In GroupList() parsed name link4-tracemon
D: 	In GroupList() parsed agent link4-node3-tracemon
D: 	In GroupList() parsed name __all_tracemon
D: 	In GroupList() parsed agent link4-node4-tracemon
D: 	In GroupList() parsed name link4-tracemon
D: 	In GroupList() parsed agent link4-node4-tracemon
D: 	In GroupList() parsed name __all_tracemon
D: 	In GroupList() parsed agent link5-node0-tracemon
D: 	In GroupList() parsed name link5-tracemon
D: 	In GroupList() parsed agent link5-node0-tracemon
D: 	In GroupList() parsed name __all_tracemon
D: 	In GroupList() parsed agent link5-node3-tracemon
D: 	In GroupList() parsed name link5-tracemon
D: 	In GroupList() parsed agent link5-node3-tracemon
D: 	In GroupList() parsed name __all_tracemon
D: 	In GroupList() parsed agent link6-node0-tracemon
D: 	In GroupList() parsed name link6-tracemon
D: 	In GroupList() parsed agent link6-node0-tracemon
D: 	In GroupList() parsed name __all_tracemon
D: 	In GroupList() parsed agent link6-node4-tracemon
D: 	In GroupList() parsed name link6-tracemon
D: 	In GroupList() parsed agent link6-node4-tracemon
D: 	In GroupList() parsed name __all_tracemon
D: 	In GroupList() parsed agent link7-node0-tracemon
D: 	In GroupList() parsed name link7-tracemon
D: 	In GroupList() parsed agent link7-node0-tracemon
D: 	In GroupList() parsed name __all_tracemon
D: 	In GroupList() parsed agent link7-node1-tracemon
D: 	In GroupList() parsed name link7-tracemon
D: 	In GroupList() parsed agent link7-node1-tracemon
D: 	In GroupList() parsed name __all_tracemon
D: 	In GroupList() parsed agent link8-node0-tracemon
D: 	In GroupList() parsed name link8-tracemon
D: 	In GroupList() parsed agent link8-node0-tracemon
D: 	In GroupList() parsed name __all_tracemon
D: 	In GroupList() parsed agent link8-node2-tracemon
D: 	In GroupList() parsed name link8-tracemon
D: 	In GroupList() parsed agent link8-node2-tracemon
D: 	In GroupList() parsed name __all_tracemon
D: 	In GroupList() parsed agent link9-node1-tracemon
D: 	In GroupList() parsed name link9-tracemon
D: 	In GroupList() parsed agent link9-node1-tracemon
D: 	In GroupList() parsed name __all_tracemon
D: 	In GroupList() parsed agent link9-node2-tracemon
D: 	In GroupList() parsed name link9-tracemon
D: 	In GroupList() parsed agent link9-node2-tracemon
D: 	In GroupList() parsed name __all_lans
D: 	In GroupList() parsed agent link20
D: 	In GroupList() parsed name __all_lans
D: 	In GroupList() parsed agent link19
D: 	In GroupList() parsed name __all_lans
D: 	In GroupList() parsed agent link2
D: 	In GroupList() parsed name __all_lans
D: 	In GroupList() parsed agent link21
D: 	In GroupList() parsed name __all_lans
D: 	In GroupList() parsed agent link3
D: 	In GroupList() parsed name __all_lans
D: 	In GroupList() parsed agent link22
D: 	In GroupList() parsed name __all_lans
D: 	In GroupList() parsed agent link4
D: 	In GroupList() parsed name __all_lans
D: 	In GroupList() parsed agent link23
D: 	In GroupList() parsed name __all_lans
D: 	In GroupList() parsed agent link5
D: 	In GroupList() parsed name __all_lans
D: 	In GroupList() parsed agent link6
D: 	In GroupList() parsed name __all_lans
D: 	In GroupList() parsed agent link7
D: 	In GroupList() parsed name __all_lans
D: 	In GroupList() parsed agent link8
D: 	In GroupList() parsed name __all_lans
D: 	In GroupList() parsed agent link9
D: 	In GroupList() parsed name __all_lans
D: 	In GroupList() parsed agent link10
D: 	In GroupList() parsed name __all_lans
D: 	In GroupList() parsed agent link11
D: 	In GroupList() parsed name __all_lans
D: 	In GroupList() parsed agent link12
D: 	In GroupList() parsed name __all_lans
D: 	In GroupList() parsed agent link13
D: 	In GroupList() parsed name __all_lans
D: 	In GroupList() parsed agent link14
D: 	In GroupList() parsed name __all_lans
D: 	In GroupList() parsed agent link15
D: 	In GroupList() parsed name __all_lans
D: 	In GroupList() parsed agent link16
D: 	In GroupList() parsed name __all_lans
D: 	In GroupList() parsed agent link17
D: 	In GroupList() parsed name __all_lans
D: 	In GroupList() parsed agent link0
D: 	In GroupList() parsed name __all_lans
D: 	In GroupList() parsed agent link18
D: 	In GroupList() parsed name __all_lans
D: 	In GroupList() parsed agent link1
D: 	In GroupList() parsed name __all_program-agents
D: 	In GroupList() parsed agent __tbdelay0_program-agent
Agent:   __ns_sequence    SEQUENCE          *        *                *
Agent:   __ns_teardown    SEQUENCE          *        *                *
Agent:    __ns_swapout    SEQUENCE          *        *                *
Agent:   __ns_timeline    TIMELINE          *        *                *
Agent:           link0        LINK          *        *                *
Agent:     link0-node3        LINK          *        *                *
Agent: link0-node3-tracemon   LINKTRACE          *        *                *
Agent:     link0-node9        LINK          *        *                *
Agent: link0-node9-tracemon   LINKTRACE          *        *                *
Agent:           link1        LINK          *        *                *
Agent:    link1-node10        LINK          *        *                *
Agent: link1-node10-tracemon   LINKTRACE          *        *                *
Agent:     link1-node3        LINK          *        *                *
Agent: link1-node3-tracemon   LINKTRACE          *        *                *
Agent:          link10        LINK          *        *                *
Agent:    link10-node5        LINK          *        *                *
Agent: link10-node5-tracemon   LINKTRACE          *        *                *
Agent:    link10-node6        LINK          *        *                *
Agent: link10-node6-tracemon   LINKTRACE          *        *                *
Agent:          link11        LINK          *        *                *
Agent:    link11-node2        LINK          *        *                *
Agent: link11-node2-tracemon   LINKTRACE          *        *                *
Agent:    link11-node5        LINK          *        *                *
Agent: link11-node5-tracemon   LINKTRACE          *        *                *
Agent:          link12        LINK          *        *                *
Agent:    link12-node2        LINK          *        *                *
Agent: link12-node2-tracemon   LINKTRACE          *        *                *
Agent:    link12-node6        LINK          *        *                *
Agent: link12-node6-tracemon   LINKTRACE          *        *                *
Agent:          link13        LINK          *        *                *
Agent:   link13-node13        LINK          *        *                *
Agent: link13-node13-tracemon   LINKTRACE          *        *                *
Agent:    link13-node5        LINK          *        *                *
Agent: link13-node5-tracemon   LINKTRACE          *        *                *
Agent:          link14        LINK          *        *                *
Agent:   link14-node14        LINK          *        *                *
Agent: link14-node14-tracemon   LINKTRACE          *        *                *
Agent:    link14-node5        LINK          *        *                *
Agent: link14-node5-tracemon   LINKTRACE          *        *                *
Agent:          link15        LINK          *        *                *
Agent:   link15-node15        LINK          *        *                *
Agent: link15-node15-tracemon   LINKTRACE          *        *                *
Agent:    link15-node6        LINK          *        *                *
Agent: link15-node6-tracemon   LINKTRACE          *        *                *
Agent:          link16        LINK          *        *                *
Agent:   link16-node16        LINK          *        *                *
Agent: link16-node16-tracemon   LINKTRACE          *        *                *
Agent:    link16-node6        LINK          *        *                *
Agent: link16-node6-tracemon   LINKTRACE          *        *                *
Agent:          link17        LINK          *        *                *
Agent:    link17-node1        LINK          *        *                *
Agent: link17-node1-tracemon   LINKTRACE          *        *                *
Agent:    link17-node7        LINK          *        *                *
Agent: link17-node7-tracemon   LINKTRACE          *        *                *
Agent:          link18        LINK          *        *                *
Agent:    link18-node1        LINK          *        *                *
Agent: link18-node1-tracemon   LINKTRACE          *        *                *
Agent:    link18-node8        LINK          *        *                *
Agent: link18-node8-tracemon   LINKTRACE          *        *                *
Agent:          link19        LINK          *        *                *
Agent:   link19-node19        LINK          *        *                *
Agent: link19-node19-tracemon   LINKTRACE          *        *                *
Agent:    link19-node8        LINK          *        *                *
Agent: link19-node8-tracemon   LINKTRACE          *        *                *
Agent:           link2        LINK          *        *                *
Agent:    link2-node11        LINK          *        *                *
Agent: link2-node11-tracemon   LINKTRACE          *        *                *
Agent:     link2-node4        LINK          *        *                *
Agent: link2-node4-tracemon   LINKTRACE          *        *                *
Agent:          link20        LINK          *        *                *
Agent:   link20-node20        LINK          *        *                *
Agent: link20-node20-tracemon   LINKTRACE          *        *                *
Agent:    link20-node8        LINK          *        *                *
Agent: link20-node8-tracemon   LINKTRACE          *        *                *
Agent:          link21        LINK          *        *                *
Agent:   link21-node17        LINK          *        *                *
Agent: link21-node17-tracemon   LINKTRACE          *        *                *
Agent:    link21-node7        LINK          *        *                *
Agent: link21-node7-tracemon   LINKTRACE          *        *                *
Agent:          link22        LINK          *        *                *
Agent:   link22-node18        LINK          *        *                *
Agent: link22-node18-tracemon   LINKTRACE          *        *                *
Agent:    link22-node7        LINK          *        *                *
Agent: link22-node7-tracemon   LINKTRACE          *        *                *
Agent:          link23        LINK          *        *                *
Agent:    link23-node7        LINK          *        *                *
Agent: link23-node7-tracemon   LINKTRACE          *        *                *
Agent:    link23-node8        LINK          *        *                *
Agent: link23-node8-tracemon   LINKTRACE          *        *                *
Agent:           link3        LINK          *        *                *
Agent:    link3-node12        LINK          *        *                *
Agent: link3-node12-tracemon   LINKTRACE          *        *                *
Agent:     link3-node4        LINK          *        *                *
Agent: link3-node4-tracemon   LINKTRACE          *        *                *
Agent:           link4        LINK          *        *                *
Agent:     link4-node3        LINK          *        *                *
Agent: link4-node3-tracemon   LINKTRACE          *        *                *
Agent:     link4-node4        LINK          *        *                *
Agent: link4-node4-tracemon   LINKTRACE          *        *                *
Agent:           link5        LINK          *        *                *
Agent:     link5-node0        LINK          *        *                *
Agent: link5-node0-tracemon   LINKTRACE          *        *                *
Agent:     link5-node3        LINK          *        *                *
Agent: link5-node3-tracemon   LINKTRACE          *        *                *
Agent:           link6        LINK          *        *                *
Agent:     link6-node0        LINK          *        *                *
Agent: link6-node0-tracemon   LINKTRACE          *        *                *
Agent:     link6-node4        LINK          *        *                *
Agent: link6-node4-tracemon   LINKTRACE          *        *                *
Agent:           link7        LINK          *        *                *
Agent:     link7-node0        LINK          *        *                *
Agent: link7-node0-tracemon   LINKTRACE          *        *                *
Agent:     link7-node1        LINK          *        *                *
Agent: link7-node1-tracemon   LINKTRACE          *        *                *
Agent:           link8        LINK          *        *                *
Agent:     link8-node0        LINK          *        *                *
Agent: link8-node0-tracemon   LINKTRACE          *        *                *
Agent:     link8-node2        LINK          *        *                *
Agent: link8-node2-tracemon   LINKTRACE          *        *                *
Agent:           link9        LINK          *        *                *
Agent:     link9-node1        LINK          *        *                *
Agent: link9-node1-tracemon   LINKTRACE          *        *                *
Agent:     link9-node2        LINK          *        *                *
Agent: link9-node2-tracemon   LINKTRACE          *        *                *
Agent:        linktest    LINKTEST          *        *                *
Agent:           node0        NODE      node0     pc48     155.98.36.48
Agent:   node0-console     CONSOLE      node0     pc48     155.98.36.48
Agent:           node1        NODE      node1    pc128    155.98.36.128
Agent:   node1-console     CONSOLE      node1    pc128    155.98.36.128
Agent:          node10        NODE     node10     pc83     155.98.36.83
Agent:  node10-console     CONSOLE     node10     pc83     155.98.36.83
Agent:          node11        NODE     node11     pc86     155.98.36.86
Agent:  node11-console     CONSOLE     node11     pc86     155.98.36.86
Agent:          node12        NODE     node12     pc69     155.98.36.69
Agent:  node12-console     CONSOLE     node12     pc69     155.98.36.69
Agent:          node13        NODE     node13     pc67     155.98.36.67
Agent:  node13-console     CONSOLE     node13     pc67     155.98.36.67
Agent:          node14        NODE     node14     pc61     155.98.36.61
Agent:  node14-console     CONSOLE     node14     pc61     155.98.36.61
Agent:          node15        NODE     node15     pc77     155.98.36.77
Agent:  node15-console     CONSOLE     node15     pc77     155.98.36.77
Agent:          node16        NODE     node16     pc66     155.98.36.66
Agent:  node16-console     CONSOLE     node16     pc66     155.98.36.66
Agent:          node17        NODE     node17     pc99     155.98.36.99
Agent:  node17-console     CONSOLE     node17     pc99     155.98.36.99
Agent:          node18        NODE     node18    pc142    155.98.36.142
Agent:  node18-console     CONSOLE     node18    pc142    155.98.36.142
Agent:          node19        NODE     node19    pc127    155.98.36.127
Agent:  node19-console     CONSOLE     node19    pc127    155.98.36.127
Agent:           node2        NODE      node2     pc51     155.98.36.51
Agent:   node2-console     CONSOLE      node2     pc51     155.98.36.51
Agent:          node20        NODE     node20    pc121    155.98.36.121
Agent:  node20-console     CONSOLE     node20    pc121    155.98.36.121
Agent:           node3        NODE      node3     pc79     155.98.36.79
Agent:   node3-console     CONSOLE      node3     pc79     155.98.36.79
Agent:           node4        NODE      node4     pc55     155.98.36.55
Agent:   node4-console     CONSOLE      node4     pc55     155.98.36.55
Agent:           node5        NODE      node5     pc44     155.98.36.44
Agent:   node5-console     CONSOLE      node5     pc44     155.98.36.44
Agent:           node6        NODE      node6     pc65     155.98.36.65
Agent:   node6-console     CONSOLE      node6     pc65     155.98.36.65
Agent:           node7        NODE      node7    pc120    155.98.36.120
Agent:   node7-console     CONSOLE      node7    pc120    155.98.36.120
Agent:           node8        NODE      node8    pc116    155.98.36.116
Agent:   node8-console     CONSOLE      node8    pc116    155.98.36.116
Agent:           node9        NODE      node9     pc72     155.98.36.72
Agent:   node9-console     CONSOLE      node9     pc72     155.98.36.72
Agent:              ns   SIMULATOR          *        *                *
Agent:          slothd      SLOTHD          *        *                *
Agent: tbdelay0_program     PROGRAM   tbdelay0     pc59     155.98.36.59
Agent: __tbdelay0_program-agent     PROGRAM   tbdelay0     pc59     155.98.36.59
Agent:  __all_tracemon       GROUP          *        *                *
Agent:  link0-tracemon       GROUP          *        *                *
Agent:  link1-tracemon       GROUP          *        *                *
Agent: link10-tracemon       GROUP          *        *                *
Agent: link11-tracemon       GROUP          *        *                *
Agent: link12-tracemon       GROUP          *        *                *
Agent: link13-tracemon       GROUP          *        *                *
Agent: link14-tracemon       GROUP          *        *                *
Agent: link15-tracemon       GROUP          *        *                *
Agent: link16-tracemon       GROUP          *        *                *
Agent: link17-tracemon       GROUP          *        *                *
Agent: link18-tracemon       GROUP          *        *                *
Agent: link19-tracemon       GROUP          *        *                *
Agent:  link2-tracemon       GROUP          *        *                *
Agent: link20-tracemon       GROUP          *        *                *
Agent: link21-tracemon       GROUP          *        *                *
Agent: link22-tracemon       GROUP          *        *                *
Agent: link23-tracemon       GROUP          *        *                *
Agent:  link3-tracemon       GROUP          *        *                *
Agent:  link4-tracemon       GROUP          *        *                *
Agent:  link5-tracemon       GROUP          *        *                *
Agent:  link6-tracemon       GROUP          *        *                *
Agent:  link7-tracemon       GROUP          *        *                *
Agent:  link8-tracemon       GROUP          *        *                *
Agent:  link9-tracemon       GROUP          *        *                *
Agent:      __all_lans       GROUP          *        *                *
Agent: __all_program-agents       GROUP          *        *                *
 Getting event stream at: 1326308846:329763
D: AddEvent asked to add event link10
AddEvent called with event of triggertype TIMER
     0.0     link10       LINK         UP          *             0x286111f8
D: AddEvent asked to add event link11
AddEvent called with event of triggertype TIMER
     0.0     link11       LINK         UP          *             0x28611200
Automatically scheduling the beginning and end of time
Sched: note:0x28704050 at:20120111_12:07:27.138 now:20120111_12:07:27.147 agent:__ns_sequence START
event_notification_get_int32: could not get int32 attribute "TOKEN" from notification 0x28704050
Fire:  note:0x28704050 at:20120111_12:07:27.138 now:20120111_12:07:27.147 agent:__ns_sequence
Fire:  note:0x28611230 at:20120111_12:07:28.147 now:20120111_12:07:28.165 agent:ns
Fire:  note:0x28611238 at:20120111_12:07:28.147 now:20120111_12:07:28.165 agent:*
log: 0s - Time started
Sched: note:0x28703058 at:20120111_12:07:28.168 now:20120111_12:07:28.169 agent:ns COMPLETE
Beginning call to experiment.metadata
Finished with call to experiment.metadata
Beginning call to experiment.state
Finished with call to experiment.state
Beginning call to experiment.event_agentlist
Finished with call to experiment.event_agentlist
Beginning call to experiment.virtual_topology
Finished with call to experiment.virtual_topology
Beginning call to experiment.event_grouplist
Finished with call to experiment.event_grouplist
Beginning call to experiment.event_eventlist
Finished with call to experiment.event_eventlist
Beginning call to experiment.event_time_start
Error occured: Invalid response from server
Fire:  note:0x28611240 at:20120111_12:07:28.147 now:20120111_12:07:28.272 agent:__ns_timeline
Sched: note:0x28703050 at:20120111_12:07:28.272 now:20120111_12:07:28.274 agent:__ns_timeline COMPLETE
Fire:  note:0x28703058 at:20120111_12:07:28.168 now:20120111_12:07:28.375 agent:ns
Done:  now:20120111_12:07:28.377 CTOKEN=10 ERROR=0
Fire:  note:0x28611238 at:20120111_12:07:28.272 now:20120111_12:07:28.377 agent:link11
Fire:  note:0x28611230 at:20120111_12:07:28.272 now:20120111_12:07:28.378 agent:link10
Fire:  note:0x28703050 at:20120111_12:07:28.272 now:20120111_12:07:28.380 agent:__ns_timeline
Done:  now:20120111_12:07:28.381 CTOKEN=12 ERROR=0
Sched: note:0x28703058 at:20120111_12:07:28.381 now:20120111_12:07:28.382 agent:__ns_sequence COMPLETE
Fire:  note:0x28703058 at:20120111_12:07:28.381 now:20120111_12:07:28.618 agent:__ns_sequence
Done:  now:20120111_12:07:28.620 CTOKEN=9 ERROR=0
Sched: note:0x28705050 at:20120111_22:10:08.807 now:20120111_22:10:08.809 agent:__ns_swapout RUN
Fire:  note:0x28705050 at:20120111_22:10:08.807 now:20120111_22:10:08.815 agent:__ns_swapout
Sched: note:0x28705058 at:20120111_22:10:08.815 now:20120111_22:10:08.816 agent:__ns_swapout COMPLETE
Fire:  note:0x28611450 at:20120111_22:10:08.815 now:20120111_22:10:08.917 agent:ns
Fire:  note:0x28705058 at:20120111_22:10:08.815 now:20120111_22:10:08.917 agent:__ns_swapout
Done:  now:20120111_22:10:08.920 CTOKEN=1326345008 ERROR=0
log: 10h2m40s - Swapout started
Sched: note:0x28705060 at:20120111_22:10:08.921 now:20120111_22:10:08.927 agent:ns COMPLETE
Sched: note:0x28705050 at:20120111_22:10:08.929 now:20120111_22:10:09.027 agent:__ns_teardown RUN
Fire:  note:0x28705060 at:20120111_22:10:08.921 now:20120111_22:10:09.141 agent:ns
Done:  now:20120111_22:10:09.143 CTOKEN=15 ERROR=0
Fire:  note:0x28705050 at:20120111_22:10:08.929 now:20120111_22:10:09.143 agent:__ns_teardown
Sched: note:0x28705058 at:20120111_22:10:09.143 now:20120111_22:10:09.144 agent:__ns_teardown COMPLETE
Fire:  note:0x28611450 at:20120111_22:10:09.143 now:20120111_22:10:09.245 agent:ns
Fire:  note:0x28705058 at:20120111_22:10:09.143 now:20120111_22:10:09.245 agent:__ns_teardown
log: 10h2m41s - Time ended
Caught a TERM; killing the scheduler and agent
Done:  now:20120111_22:10:09.249 CTOKEN=1326345008 ERROR=0
event-sched[75121]: received signal 15, exiting
Finished with call to experiment.event_time_start
Beginning call to experiment.event_time_start
Finished with call to experiment.event_time_start
Beginning call to experiment.event_time_start
Finished with call to experiment.event_time_start
Beginning call to experiment.event_time_start
Finished with call to experiment.event_time_start
Beginning call to experiment.event_time_start
Sched: note:0x28705060 at:20120111_22:10:09.247 now:20120111_22:10:09.250 agent:ns COMPLETE
