Running 'tbprerun  -e 63507 EXPTRUNK.ns'
Beginning pre run for FCT/EXPTRUNK. 10:14:53:448437
Running parser ... 10:14:54:100826
Parser done! 10:14:58:938024
Precomputing visualization ...
Image rendering proceeding in background mode ...
Setting up static routes (if requested) ... 
Generating topomap ...
Adding DB 'FCT+EXPTRUNK' to mysql database on users.emulab.net.
Adding user 'E63507' to mysql database on users.emulab.net.
Verifying parse ...
Doing a pre-assign: '/usr/testbed/bin/vtopgen -p FCT EXPTRUNK' ...
Minimum nodes   = 5
Maximum nodes   = 5
Writing environment strings ...
Setting up additional program agent support ...
Setting up additional network agent support ...
Writing program agent info ...
Pre run finished. 10:15:19:263312
Running 'tbreport -b FCT EXPTRUNK'
