Running 'tbprerun  -e 80453 VN.ns'
Beginning pre run for FCT/VN. 10:42:20:74165
Running parser ... 10:42:20:502930
Parser done! 10:42:24:307605
Precomputing visualization ...
Image rendering proceeding in background mode ...
Setting up static routes (if requested) ... 
Generating topomap ...
Adding DB 'FCT+VN' to mysql database on users.emulab.net.
Adding user 'E80453' to mysql database on users.emulab.net.
Verifying parse ...
Doing a pre-assign: '/usr/testbed/bin/vtopgen -p FCT VN' ...
Minimum nodes   = 5
Maximum nodes   = 5
Writing environment strings ...
Setting up additional program agent support ...
Setting up additional network agent support ...
Writing program agent info ...
Pre run finished. 10:42:34:479581
Running 'tbreport -b FCT VN'
